# JRE version: OpenJDK Runtime Environment Temurin-17.0.4.1+1 (17.0.4.1+1) (build 17.0.4.1+1)
# Java VM: OpenJDK 64-Bit Server VM Temurin-17.0.4.1+1 (17.0.4.1+1, mixed mode, tiered, compressed oops, compressed class ptrs, g1 gc, windows-amd64)
GC Precious Log:
 CPUs: 4 total, 4 available
 Memory: 7657M
 Large Page Support: Disabled
 NUMA Support: Disabled
 Compressed Oops: Enabled (32-bit)
 Heap Region Size: 1M
 Heap Min Capacity: 8M
 Heap Initial Capacity: 120M
 Heap Max Capacity: 1916M
 Pre-touch: Disabled
 Parallel Workers: 4
 Concurrent Workers: 1
 Concurrent Refinement Workers: 4
 Periodic GC: Disabled
Heap:
 garbage-first heap   total 50176K, used 24767K [0x0000000088400000, 0x0000000100000000)
  region size 1024K, 17 young (17408K), 2 survivors (2048K)
 Metaspace       used 27721K, committed 27968K, reserved 1081344K
  class space    used 3613K, committed 3712K, reserved 1048576K
GC Heap History (12 events):
Event: 1.395 GC heap before
{Heap before GC invocations=0 (full 0):
 garbage-first heap   total 122880K, used 12288K [0x0000000088400000, 0x0000000100000000)
  region size 1024K, 13 young (13312K), 0 survivors (0K)
 Metaspace       used 8361K, committed 8512K, reserved 1056768K
  class space    used 778K, committed 832K, reserved 1048576K
}
Event: 1.403 GC heap after
{Heap after GC invocations=1 (full 0):
 garbage-first heap   total 122880K, used 1600K [0x0000000088400000, 0x0000000100000000)
  region size 1024K, 2 young (2048K), 2 survivors (2048K)
 Metaspace       used 8361K, committed 8512K, reserved 1056768K
  class space    used 778K, committed 832K, reserved 1048576K
}
Event: 2.424 GC heap before
{Heap before GC invocations=1 (full 0):
 garbage-first heap   total 122880K, used 19008K [0x0000000088400000, 0x0000000100000000)
  region size 1024K, 20 young (20480K), 2 survivors (2048K)
 Metaspace       used 14865K, committed 15104K, reserved 1064960K
  class space    used 1635K, committed 1728K, reserved 1048576K
}
Event: 2.435 GC heap after
{Heap after GC invocations=2 (full 0):
 garbage-first heap   total 122880K, used 4300K [0x0000000088400000, 0x0000000100000000)
  region size 1024K, 3 young (3072K), 3 survivors (3072K)
 Metaspace       used 14865K, committed 15104K, reserved 1064960K
  class space    used 1635K, committed 1728K, reserved 1048576K
}
Event: 3.919 GC heap before
{Heap before GC invocations=2 (full 0):
 garbage-first heap   total 122880K, used 21708K [0x0000000088400000, 0x0000000100000000)
  region size 1024K, 21 young (21504K), 3 survivors (3072K)
 Metaspace       used 21249K, committed 21504K, reserved 1073152K
  class space    used 2407K, committed 2560K, reserved 1048576K
}
Event: 3.934 GC heap after
{Heap after GC invocations=3 (full 0):
 garbage-first heap   total 122880K, used 7528K [0x0000000088400000, 0x0000000100000000)
  region size 1024K, 7 young (7168K), 7 survivors (7168K)
 Metaspace       used 21249K, committed 21504K, reserved 1073152K
  class space    used 2407K, committed 2560K, reserved 1048576K
}
Event: 4.748 GC heap before
{Heap before GC invocations=4 (full 0):
 garbage-first heap   total 34816K, used 20840K [0x0000000088400000, 0x0000000100000000)
  region size 1024K, 20 young (20480K), 7 survivors (7168K)
 Metaspace       used 24746K, committed 25024K, reserved 1073152K
  class space    used 3118K, committed 3264K, reserved 1048576K
}
Event: 4.763 GC heap after
{Heap after GC invocations=5 (full 0):
 garbage-first heap   total 34816K, used 8806K [0x0000000088400000, 0x0000000100000000)
  region size 1024K, 2 young (2048K), 2 survivors (2048K)
 Metaspace       used 24746K, committed 25024K, reserved 1073152K
  class space    used 3118K, committed 3264K, reserved 1048576K
}
Event: 4.795 GC heap before
{Heap before GC invocations=5 (full 0):
 garbage-first heap   total 34816K, used 9830K [0x0000000088400000, 0x0000000100000000)
  region size 1024K, 3 young (3072K), 2 survivors (2048K)
 Metaspace       used 25067K, committed 25344K, reserved 1073152K
  class space    used 3243K, committed 3392K, reserved 1048576K
}
Event: 4.800 GC heap after
{Heap after GC invocations=6 (full 0):
 garbage-first heap   total 34816K, used 8831K [0x0000000088400000, 0x0000000100000000)
  region size 1024K, 1 young (1024K), 1 survivors (1024K)
 Metaspace       used 25067K, committed 25344K, reserved 1073152K
  class space    used 3243K, committed 3392K, reserved 1048576K
}
Event: 5.730 GC heap before
{Heap before GC invocations=6 (full 0):
 garbage-first heap   total 34816K, used 22143K [0x0000000088400000, 0x0000000100000000)
  region size 1024K, 14 young (14336K), 1 survivors (1024K)
 Metaspace       used 27314K, committed 27520K, reserved 1073152K
  class space    used 3605K, committed 3712K, reserved 1048576K
}
Event: 5.738 GC heap after
{Heap after GC invocations=7 (full 0):
 garbage-first heap   total 50176K, used 10431K [0x0000000088400000, 0x0000000100000000)
  region size 1024K, 2 young (2048K), 2 survivors (2048K)
 Metaspace       used 27314K, committed 27520K, reserved 1073152K
  class space    used 3605K, committed 3712K, reserved 1048576K
}

