# JRE version: OpenJDK Runtime Environment Temurin-17.0.4.1+1 (17.0.4.1+1) (build 17.0.4.1+1)
# Java VM: OpenJDK 64-Bit Server VM Temurin-17.0.4.1+1 (17.0.4.1+1, mixed mode, tiered, compressed oops, compressed class ptrs, g1 gc, windows-amd64)
GC Precious Log:
 CPUs: 4 total, 4 available
 Memory: 7657M
 Large Page Support: Disabled
 NUMA Support: Disabled
 Compressed Oops: Enabled (32-bit)
 Heap Region Size: 1M
 Heap Min Capacity: 8M
 Heap Initial Capacity: 120M
 Heap Max Capacity: 1916M
 Pre-touch: Disabled
 Parallel Workers: 4
 Concurrent Workers: 1
 Concurrent Refinement Workers: 4
 Periodic GC: Disabled
Heap:
 garbage-first heap   total 75776K, used 18245K [0x0000000088400000, 0x0000000100000000)
  region size 1024K, 8 young (8192K), 2 survivors (2048K)
 Metaspace       used 27908K, committed 28096K, reserved 1081344K
  class space    used 3633K, committed 3712K, reserved 1048576K
GC Heap History (14 events):
Event: 1.271 GC heap before
{Heap before GC invocations=0 (full 0):
 garbage-first heap   total 122880K, used 12288K [0x0000000088400000, 0x0000000100000000)
  region size 1024K, 13 young (13312K), 0 survivors (0K)
 Metaspace       used 8368K, committed 8512K, reserved 1056768K
  class space    used 778K, committed 832K, reserved 1048576K
}
Event: 1.279 GC heap after
{Heap after GC invocations=1 (full 0):
 garbage-first heap   total 122880K, used 1607K [0x0000000088400000, 0x0000000100000000)
  region size 1024K, 2 young (2048K), 2 survivors (2048K)
 Metaspace       used 8368K, committed 8512K, reserved 1056768K
  class space    used 778K, committed 832K, reserved 1048576K
}
Event: 2.284 GC heap before
{Heap before GC invocations=1 (full 0):
 garbage-first heap   total 122880K, used 19015K [0x0000000088400000, 0x0000000100000000)
  region size 1024K, 20 young (20480K), 2 survivors (2048K)
 Metaspace       used 14925K, committed 15104K, reserved 1064960K
  class space    used 1645K, committed 1728K, reserved 1048576K
}
Event: 2.293 GC heap after
{Heap after GC invocations=2 (full 0):
 garbage-first heap   total 122880K, used 4676K [0x0000000088400000, 0x0000000100000000)
  region size 1024K, 3 young (3072K), 3 survivors (3072K)
 Metaspace       used 14925K, committed 15104K, reserved 1064960K
  class space    used 1645K, committed 1728K, reserved 1048576K
}
Event: 3.659 GC heap before
{Heap before GC invocations=2 (full 0):
 garbage-first heap   total 122880K, used 22084K [0x0000000088400000, 0x0000000100000000)
  region size 1024K, 21 young (21504K), 3 survivors (3072K)
 Metaspace       used 21239K, committed 21504K, reserved 1073152K
  class space    used 2408K, committed 2560K, reserved 1048576K
}
Event: 3.671 GC heap after
{Heap after GC invocations=3 (full 0):
 garbage-first heap   total 122880K, used 7881K [0x0000000088400000, 0x0000000100000000)
  region size 1024K, 6 young (6144K), 6 survivors (6144K)
 Metaspace       used 21239K, committed 21504K, reserved 1073152K
  class space    used 2408K, committed 2560K, reserved 1048576K
}
Event: 4.326 GC heap before
{Heap before GC invocations=4 (full 0):
 garbage-first heap   total 27648K, used 18121K [0x0000000088400000, 0x0000000100000000)
  region size 1024K, 16 young (16384K), 6 survivors (6144K)
 Metaspace       used 23928K, committed 24192K, reserved 1073152K
  class space    used 2886K, committed 3008K, reserved 1048576K
}
Event: 4.341 GC heap after
{Heap after GC invocations=5 (full 0):
 garbage-first heap   total 27648K, used 8486K [0x0000000088400000, 0x0000000100000000)
  region size 1024K, 1 young (1024K), 1 survivors (1024K)
 Metaspace       used 23928K, committed 24192K, reserved 1073152K
  class space    used 2886K, committed 3008K, reserved 1048576K
}
Event: 4.858 GC heap before
{Heap before GC invocations=5 (full 0):
 garbage-first heap   total 27648K, used 18726K [0x0000000088400000, 0x0000000100000000)
  region size 1024K, 11 young (11264K), 1 survivors (1024K)
 Metaspace       used 26309K, committed 26560K, reserved 1073152K
  class space    used 3475K, committed 3584K, reserved 1048576K
}
Event: 4.863 GC heap after
{Heap after GC invocations=6 (full 0):
 garbage-first heap   total 27648K, used 8884K [0x0000000088400000, 0x0000000100000000)
  region size 1024K, 2 young (2048K), 2 survivors (2048K)
 Metaspace       used 26309K, committed 26560K, reserved 1073152K
  class space    used 3475K, committed 3584K, reserved 1048576K
}
Event: 5.569 GC heap before
{Heap before GC invocations=6 (full 0):
 garbage-first heap   total 27648K, used 19124K [0x0000000088400000, 0x0000000100000000)
  region size 1024K, 12 young (12288K), 2 survivors (2048K)
 Metaspace       used 27370K, committed 27584K, reserved 1081344K
  class space    used 3605K, committed 3712K, reserved 1048576K
}
Event: 5.580 GC heap after
{Heap after GC invocations=7 (full 0):
 garbage-first heap   total 27648K, used 10781K [0x0000000088400000, 0x0000000100000000)
  region size 1024K, 2 young (2048K), 2 survivors (2048K)
 Metaspace       used 27370K, committed 27584K, reserved 1081344K
  class space    used 3605K, committed 3712K, reserved 1048576K
}
Event: 5.906 GC heap before
{Heap before GC invocations=7 (full 0):
 garbage-first heap   total 27648K, used 18973K [0x0000000088400000, 0x0000000100000000)
  region size 1024K, 10 young (10240K), 2 survivors (2048K)
 Metaspace       used 27549K, committed 27776K, reserved 1081344K
  class space    used 3606K, committed 3712K, reserved 1048576K
}
Event: 5.920 GC heap after
{Heap after GC invocations=8 (full 0):
 garbage-first heap   total 75776K, used 13125K [0x0000000088400000, 0x0000000100000000)
  region size 1024K, 2 young (2048K), 2 survivors (2048K)
 Metaspace       used 27549K, committed 27776K, reserved 1081344K
  class space    used 3606K, committed 3712K, reserved 1048576K
}

